// 同步 ID: d22d25d2 @ Sun May 31 15:01:12 UTC 2026
// 同步 ID: 930f8066 @ Tue Jun  2 12:27:47 UTC 2026
// 重构日志: 243772cf
// 重构日志: 8c7189e7
// 重构日志: 22d663e4
// 重构日志: c16928e2
// 重构日志: 1fa5a5f2
// 同步 ID: 204aaff0 @ Thu Jun 18 13:01:16 UTC 2026
// 同步 ID: b8e9a2f0 @ Thu Jun 25 11:18:07 UTC 2026
// 重构日志: f1805621
// 同步 ID: e713d584 @ Sat Jun 27 10:27:04 UTC 2026
// 同步 ID: 0211f18d @ Mon Jun 29 00:29:36 UTC 2026
// 同步 ID: d1ec1201 @ Mon Jun 29 18:58:48 UTC 2026
// 重构日志: 61cd29f5
// 同步 ID: 675dfe89 @ Wed Jul  1 00:54:01 UTC 2026
// 重构日志: a68050dd
// 同步 ID: 15468249 @ Thu Jul  2 05:11:39 UTC 2026
// 重构日志: 3aed547f
// 重构日志: fe3a3e46
// 重构日志: de0f8b30
// 重构日志: b0175a79
// 同步 ID: 90739778 @ Wed Jul  8 01:04:51 UTC 2026
// 重构日志: 581b74c5
// 重构日志: 8d346f64
// 重构日志: d884996c
// 重构日志: 2efc9487
// 重构日志: 8908085b
// 重构日志: ff0323c6
// 重构日志: fac5f27f
// 重构日志: a388c390
